@!@!@STARTMSG 2262:0 @!@!@
TLC2 Version 2.16 of 31 December 2020 (rev: cdddf55)
@!@!@ENDMSG 2262 @!@!@
@!@!@STARTMSG 2187:0 @!@!@
Running breadth-first search Model-Checking with fp 112 and seed -3966051911624560429 with 4 workers on 8 cores with 592MB heap and 1330MB offheap memory [pid: 1956] (Windows 10 10.0 amd64, AdoptOpenJDK 14.0.1 x86_64, OffHeapDiskFPSet, DiskStateQueue).
@!@!@ENDMSG 2187 @!@!@
@!@!@STARTMSG 2220:0 @!@!@
Starting SANY...
@!@!@ENDMSG 2220 @!@!@
Parsing file D:\Documents\GitHub\SlicerBoneReconstructionPlanner\TLA\BoneReconstructionPlanner.toolbox\BoneReconstructionPlanner\MC.tla
Parsing file D:\Documents\GitHub\SlicerBoneReconstructionPlanner\TLA\BoneReconstructionPlanner.toolbox\BoneReconstructionPlanner\BoneReconstructionPlanner.tla
Parsing file C:\Users\mau_i\Desktop\toolbox\plugins\org.lamport.tlatools_1.0.0.202012311918\tla2sany\StandardModules\TLC.tla
Parsing file C:\Users\mau_i\Desktop\toolbox\plugins\org.lamport.tlatools_1.0.0.202012311918\tla2sany\StandardModules\Naturals.tla
Parsing file C:\Users\mau_i\Desktop\toolbox\plugins\org.lamport.tlatools_1.0.0.202012311918\tla2sany\StandardModules\Sequences.tla
Parsing file C:\Users\mau_i\Desktop\toolbox\plugins\org.lamport.tlatools_1.0.0.202012311918\tla2sany\StandardModules\FiniteSets.tla
Semantic processing of module BoneReconstructionPlanner
Semantic processing of module Naturals
Semantic processing of module Sequences
Semantic processing of module FiniteSets
Semantic processing of module TLC
Semantic processing of module MC
@!@!@STARTMSG 2219:0 @!@!@
SANY finished.
@!@!@ENDMSG 2219 @!@!@
@!@!@STARTMSG 2185:0 @!@!@
Starting... (2022-06-15 18:46:23)
@!@!@ENDMSG 2185 @!@!@
@!@!@STARTMSG 2189:0 @!@!@
Computing initial states...
@!@!@ENDMSG 2189 @!@!@
@!@!@STARTMSG 2190:0 @!@!@
Finished computing initial states: 1 distinct state generated at 2022-06-15 18:46:24.
@!@!@ENDMSG 2190 @!@!@
@!@!@STARTMSG 2109:1 @!@!@
Successor state is not completely specified by action createFibulaBoxes of the next-state relation. The following variable is not assigned: planesCreated.

@!@!@ENDMSG 2109 @!@!@
@!@!@STARTMSG 2121:1 @!@!@
The behavior up to this point is:
@!@!@ENDMSG 2121 @!@!@
@!@!@STARTMSG 2217:4 @!@!@
1: <Initial predicate>
/\ fibulaBoxesParametersState = "invalid"
/\ segmentationModelsCreated = "invalid"
/\ fibulaBoxesCreated = "invalid"
/\ planeParametersState = "invalid"
/\ mandibleBoxesParametersState = "invalid"
/\ planesCreated = "invalid"
/\ workflowState = "start"
/\ segmentationParametersState = "invalid"

@!@!@ENDMSG 2217 @!@!@
@!@!@STARTMSG 2217:4 @!@!@
2: <inputSegmentations line 40, col 25 to line 48, col 65 of module BoneReconstructionPlanner>
/\ fibulaBoxesParametersState = "invalid"
/\ segmentationModelsCreated = "invalid"
/\ fibulaBoxesCreated = "invalid"
/\ planeParametersState = "invalid"
/\ mandibleBoxesParametersState = "invalid"
/\ planesCreated = "invalid"
/\ workflowState = "i_segmentations"
/\ segmentationParametersState = "valid"

@!@!@ENDMSG 2217 @!@!@
@!@!@STARTMSG 2217:4 @!@!@
3: <createSegmentationModels line 50, col 30 to line 60, col 68 of module BoneReconstructionPlanner>
/\ fibulaBoxesParametersState = "invalid"
/\ segmentationModelsCreated = "valid"
/\ fibulaBoxesCreated = "invalid"
/\ planeParametersState = "invalid"
/\ mandibleBoxesParametersState = "invalid"
/\ planesCreated = "invalid"
/\ workflowState = "p_segmentations"
/\ segmentationParametersState = "valid"

@!@!@ENDMSG 2217 @!@!@
@!@!@STARTMSG 2217:4 @!@!@
4: <inputPlaneParameters line 62, col 25 to line 71, col 58 of module BoneReconstructionPlanner>
/\ fibulaBoxesParametersState = "invalid"
/\ segmentationModelsCreated = "valid"
/\ fibulaBoxesCreated = "invalid"
/\ planeParametersState = "valid"
/\ mandibleBoxesParametersState = "invalid"
/\ planesCreated = "invalid"
/\ workflowState = "i_planes"
/\ segmentationParametersState = "valid"

@!@!@ENDMSG 2217 @!@!@
@!@!@STARTMSG 2217:4 @!@!@
5: <createPlanes line 73, col 25 to line 82, col 51 of module BoneReconstructionPlanner>
/\ fibulaBoxesParametersState = "invalid"
/\ segmentationModelsCreated = "valid"
/\ fibulaBoxesCreated = "invalid"
/\ planeParametersState = "valid"
/\ mandibleBoxesParametersState = "invalid"
/\ planesCreated = "valid"
/\ workflowState = "p_planes"
/\ segmentationParametersState = "valid"

@!@!@ENDMSG 2217 @!@!@
@!@!@STARTMSG 2217:4 @!@!@
6: <inputFibulaBoxesParameters line 84, col 33 to line 93, col 72 of module BoneReconstructionPlanner>
/\ fibulaBoxesParametersState = "valid"
/\ segmentationModelsCreated = "valid"
/\ fibulaBoxesCreated = "invalid"
/\ planeParametersState = "valid"
/\ mandibleBoxesParametersState = "invalid"
/\ planesCreated = "valid"
/\ workflowState = "i_fibulaB"
/\ segmentationParametersState = "valid"

@!@!@ENDMSG 2217 @!@!@
@!@!@STARTMSG 2217:4 @!@!@
7: <createFibulaBoxes line 95, col 29 to line 104, col 60 of module BoneReconstructionPlanner>
/\ fibulaBoxesParametersState = "valid"
/\ segmentationModelsCreated = "valid"
/\ fibulaBoxesCreated = "valid"
/\ planeParametersState = "valid"
/\ mandibleBoxesParametersState = "invalid"
/\ planesCreated = null
/\ workflowState = "p_fibulaB"
/\ segmentationParametersState = "valid"

@!@!@ENDMSG 2217 @!@!@
@!@!@STARTMSG 2201:0 @!@!@
The coverage statistics at 2022-06-15 18:46:24
@!@!@ENDMSG 2201 @!@!@
@!@!@STARTMSG 2773:0 @!@!@
<BRPInit line 29, col 1 to line 29, col 7 of module BoneReconstructionPlanner>: 2:2
@!@!@ENDMSG 2773 @!@!@
@!@!@STARTMSG 2221:0 @!@!@
  line 29, col 12 to line 36, col 37 of module BoneReconstructionPlanner: 2
@!@!@ENDMSG 2221 @!@!@
@!@!@STARTMSG 2772:0 @!@!@
<inputSegmentations line 40, col 1 to line 40, col 18 of module BoneReconstructionPlanner>: 1:2
@!@!@ENDMSG 2772 @!@!@
@!@!@STARTMSG 2221:0 @!@!@
  line 40, col 28 to line 40, col 50 of module BoneReconstructionPlanner: 14
@!@!@ENDMSG 2221 @!@!@
@!@!@STARTMSG 2221:0 @!@!@
  |line 40, col 28 to line 40, col 40 of module BoneReconstructionPlanner: 12
@!@!@ENDMSG 2221 @!@!@
@!@!@STARTMSG 2221:0 @!@!@
  line 41, col 28 to line 41, col 57 of module BoneReconstructionPlanner: 2
@!@!@ENDMSG 2221 @!@!@
@!@!@STARTMSG 2221:0 @!@!@
  line 42, col 28 to line 42, col 50 of module BoneReconstructionPlanner: 2
@!@!@ENDMSG 2221 @!@!@
@!@!@STARTMSG 2221:0 @!@!@
  line 43, col 28 to line 43, col 63 of module BoneReconstructionPlanner: 2
@!@!@ENDMSG 2221 @!@!@
@!@!@STARTMSG 2221:0 @!@!@
  line 44, col 28 to line 44, col 55 of module BoneReconstructionPlanner: 2
@!@!@ENDMSG 2221 @!@!@
@!@!@STARTMSG 2221:0 @!@!@
  line 45, col 28 to line 45, col 65 of module BoneReconstructionPlanner: 2
@!@!@ENDMSG 2221 @!@!@
@!@!@STARTMSG 2221:0 @!@!@
  line 46, col 28 to line 46, col 62 of module BoneReconstructionPlanner: 2
@!@!@ENDMSG 2221 @!@!@
@!@!@STARTMSG 2221:0 @!@!@
  line 47, col 28 to line 47, col 61 of module BoneReconstructionPlanner: 2
@!@!@ENDMSG 2221 @!@!@
@!@!@STARTMSG 2221:0 @!@!@
  line 48, col 28 to line 48, col 65 of module BoneReconstructionPlanner: 2
@!@!@ENDMSG 2221 @!@!@
@!@!@STARTMSG 2772:0 @!@!@
<createSegmentationModels line 50, col 1 to line 50, col 24 of module BoneReconstructionPlanner>: 1:2
@!@!@ENDMSG 2772 @!@!@
@!@!@STARTMSG 2221:0 @!@!@
  line 50, col 33 to line 50, col 65 of module BoneReconstructionPlanner: 13
@!@!@ENDMSG 2221 @!@!@
@!@!@STARTMSG 2221:0 @!@!@
  |line 50, col 33 to line 50, col 45 of module BoneReconstructionPlanner: 11
@!@!@ENDMSG 2221 @!@!@
@!@!@STARTMSG 2221:0 @!@!@
  line 51, col 33 to line 51, col 69 of module BoneReconstructionPlanner: 4
@!@!@ENDMSG 2221 @!@!@
@!@!@STARTMSG 2221:0 @!@!@
  |line 51, col 33 to line 51, col 59 of module BoneReconstructionPlanner: 2
@!@!@ENDMSG 2221 @!@!@
@!@!@STARTMSG 2221:0 @!@!@
  line 52, col 33 to line 52, col 69 of module BoneReconstructionPlanner: 2
@!@!@ENDMSG 2221 @!@!@
@!@!@STARTMSG 2221:0 @!@!@
  line 53, col 33 to line 53, col 62 of module BoneReconstructionPlanner: 2
@!@!@ENDMSG 2221 @!@!@
@!@!@STARTMSG 2221:0 @!@!@
  line 54, col 33 to line 54, col 55 of module BoneReconstructionPlanner: 2
@!@!@ENDMSG 2221 @!@!@
@!@!@STARTMSG 2221:0 @!@!@
  line 55, col 33 to line 55, col 68 of module BoneReconstructionPlanner: 2
@!@!@ENDMSG 2221 @!@!@
@!@!@STARTMSG 2221:0 @!@!@
  line 56, col 33 to line 56, col 60 of module BoneReconstructionPlanner: 2
@!@!@ENDMSG 2221 @!@!@
@!@!@STARTMSG 2221:0 @!@!@
  line 57, col 33 to line 57, col 70 of module BoneReconstructionPlanner: 2
@!@!@ENDMSG 2221 @!@!@
@!@!@STARTMSG 2221:0 @!@!@
  line 58, col 33 to line 58, col 55 of module BoneReconstructionPlanner: 2
@!@!@ENDMSG 2221 @!@!@
@!@!@STARTMSG 2221:0 @!@!@
  line 59, col 33 to line 59, col 66 of module BoneReconstructionPlanner: 2
@!@!@ENDMSG 2221 @!@!@
@!@!@STARTMSG 2221:0 @!@!@
  line 60, col 33 to line 60, col 68 of module BoneReconstructionPlanner: 2
@!@!@ENDMSG 2221 @!@!@
@!@!@STARTMSG 2772:0 @!@!@
<inputPlaneParameters line 62, col 1 to line 62, col 20 of module BoneReconstructionPlanner>: 1:2
@!@!@ENDMSG 2772 @!@!@
@!@!@STARTMSG 2221:0 @!@!@
  line 62, col 28 to line 62, col 60 of module BoneReconstructionPlanner: 12
@!@!@ENDMSG 2221 @!@!@
@!@!@STARTMSG 2221:0 @!@!@
  |line 62, col 28 to line 62, col 40 of module BoneReconstructionPlanner: 10
@!@!@ENDMSG 2221 @!@!@
@!@!@STARTMSG 2221:0 @!@!@
  line 63, col 28 to line 63, col 63 of module BoneReconstructionPlanner: 2
@!@!@ENDMSG 2221 @!@!@
@!@!@STARTMSG 2221:0 @!@!@
  line 64, col 28 to line 64, col 50 of module BoneReconstructionPlanner: 2
@!@!@ENDMSG 2221 @!@!@
@!@!@STARTMSG 2221:0 @!@!@
  line 65, col 28 to line 65, col 64 of module BoneReconstructionPlanner: 2
@!@!@ENDMSG 2221 @!@!@
@!@!@STARTMSG 2221:0 @!@!@
  line 66, col 28 to line 66, col 63 of module BoneReconstructionPlanner: 2
@!@!@ENDMSG 2221 @!@!@
@!@!@STARTMSG 2221:0 @!@!@
  line 67, col 28 to line 67, col 55 of module BoneReconstructionPlanner: 2
@!@!@ENDMSG 2221 @!@!@
@!@!@STARTMSG 2221:0 @!@!@
  line 68, col 28 to line 68, col 65 of module BoneReconstructionPlanner: 2
@!@!@ENDMSG 2221 @!@!@
@!@!@STARTMSG 2221:0 @!@!@
  line 69, col 28 to line 69, col 62 of module BoneReconstructionPlanner: 2
@!@!@ENDMSG 2221 @!@!@
@!@!@STARTMSG 2221:0 @!@!@
  line 70, col 28 to line 70, col 54 of module BoneReconstructionPlanner: 2
@!@!@ENDMSG 2221 @!@!@
@!@!@STARTMSG 2221:0 @!@!@
  line 71, col 28 to line 71, col 58 of module BoneReconstructionPlanner: 2
@!@!@ENDMSG 2221 @!@!@
@!@!@STARTMSG 2772:0 @!@!@
<createPlanes line 73, col 1 to line 73, col 12 of module BoneReconstructionPlanner>: 1:2
@!@!@ENDMSG 2772 @!@!@
@!@!@STARTMSG 2221:0 @!@!@
  line 73, col 28 to line 73, col 53 of module BoneReconstructionPlanner: 11
@!@!@ENDMSG 2221 @!@!@
@!@!@STARTMSG 2221:0 @!@!@
  |line 73, col 28 to line 73, col 40 of module BoneReconstructionPlanner: 9
@!@!@ENDMSG 2221 @!@!@
@!@!@STARTMSG 2221:0 @!@!@
  line 74, col 28 to line 74, col 57 of module BoneReconstructionPlanner: 4
@!@!@ENDMSG 2221 @!@!@
@!@!@STARTMSG 2221:0 @!@!@
  |line 74, col 28 to line 74, col 47 of module BoneReconstructionPlanner: 2
@!@!@ENDMSG 2221 @!@!@
@!@!@STARTMSG 2221:0 @!@!@
  line 75, col 28 to line 75, col 64 of module BoneReconstructionPlanner: 2
@!@!@ENDMSG 2221 @!@!@
@!@!@STARTMSG 2221:0 @!@!@
  line 76, col 28 to line 76, col 63 of module BoneReconstructionPlanner: 2
@!@!@ENDMSG 2221 @!@!@
@!@!@STARTMSG 2221:0 @!@!@
  line 77, col 28 to line 77, col 55 of module BoneReconstructionPlanner: 2
@!@!@ENDMSG 2221 @!@!@
@!@!@STARTMSG 2221:0 @!@!@
  line 78, col 28 to line 78, col 65 of module BoneReconstructionPlanner: 2
@!@!@ENDMSG 2221 @!@!@
@!@!@STARTMSG 2221:0 @!@!@
  line 79, col 28 to line 79, col 57 of module BoneReconstructionPlanner: 2
@!@!@ENDMSG 2221 @!@!@
@!@!@STARTMSG 2221:0 @!@!@
  line 80, col 28 to line 80, col 62 of module BoneReconstructionPlanner: 2
@!@!@ENDMSG 2221 @!@!@
@!@!@STARTMSG 2221:0 @!@!@
  line 81, col 28 to line 81, col 54 of module BoneReconstructionPlanner: 2
@!@!@ENDMSG 2221 @!@!@
@!@!@STARTMSG 2221:0 @!@!@
  line 82, col 28 to line 82, col 51 of module BoneReconstructionPlanner: 2
@!@!@ENDMSG 2221 @!@!@
@!@!@STARTMSG 2772:0 @!@!@
<inputFibulaBoxesParameters line 84, col 1 to line 84, col 26 of module BoneReconstructionPlanner>: 1:2
@!@!@ENDMSG 2772 @!@!@
@!@!@STARTMSG 2221:0 @!@!@
  line 84, col 36 to line 84, col 61 of module BoneReconstructionPlanner: 10
@!@!@ENDMSG 2221 @!@!@
@!@!@STARTMSG 2221:0 @!@!@
  |line 84, col 36 to line 84, col 48 of module BoneReconstructionPlanner: 8
@!@!@ENDMSG 2221 @!@!@
@!@!@STARTMSG 2221:0 @!@!@
  line 85, col 36 to line 85, col 58 of module BoneReconstructionPlanner: 4
@!@!@ENDMSG 2221 @!@!@
@!@!@STARTMSG 2221:0 @!@!@
  |line 85, col 36 to line 85, col 48 of module BoneReconstructionPlanner: 2
@!@!@ENDMSG 2221 @!@!@
@!@!@STARTMSG 2221:0 @!@!@
  line 86, col 36 to line 86, col 72 of module BoneReconstructionPlanner: 2
@!@!@ENDMSG 2221 @!@!@
@!@!@STARTMSG 2221:0 @!@!@
  line 87, col 36 to line 87, col 70 of module BoneReconstructionPlanner: 2
@!@!@ENDMSG 2221 @!@!@
@!@!@STARTMSG 2221:0 @!@!@
  line 88, col 36 to line 88, col 65 of module BoneReconstructionPlanner: 2
@!@!@ENDMSG 2221 @!@!@
@!@!@STARTMSG 2221:0 @!@!@
  line 89, col 36 to line 89, col 58 of module BoneReconstructionPlanner: 2
@!@!@ENDMSG 2221 @!@!@
@!@!@STARTMSG 2221:0 @!@!@
  line 90, col 36 to line 90, col 63 of module BoneReconstructionPlanner: 2
@!@!@ENDMSG 2221 @!@!@
@!@!@STARTMSG 2221:0 @!@!@
  line 91, col 36 to line 91, col 73 of module BoneReconstructionPlanner: 2
@!@!@ENDMSG 2221 @!@!@
@!@!@STARTMSG 2221:0 @!@!@
  line 92, col 36 to line 92, col 63 of module BoneReconstructionPlanner: 2
@!@!@ENDMSG 2221 @!@!@
@!@!@STARTMSG 2221:0 @!@!@
  line 93, col 36 to line 93, col 72 of module BoneReconstructionPlanner: 2
@!@!@ENDMSG 2221 @!@!@
@!@!@STARTMSG 2772:0 @!@!@
<createFibulaBoxes line 95, col 1 to line 95, col 17 of module BoneReconstructionPlanner>: 0:2
@!@!@ENDMSG 2772 @!@!@
@!@!@STARTMSG 2221:0 @!@!@
  line 95, col 32 to line 95, col 58 of module BoneReconstructionPlanner: 8
@!@!@ENDMSG 2221 @!@!@
@!@!@STARTMSG 2221:0 @!@!@
  |line 95, col 32 to line 95, col 44 of module BoneReconstructionPlanner: 7
@!@!@ENDMSG 2221 @!@!@
@!@!@STARTMSG 2221:0 @!@!@
  line 96, col 32 to line 96, col 67 of module BoneReconstructionPlanner: 3
@!@!@ENDMSG 2221 @!@!@
@!@!@STARTMSG 2221:0 @!@!@
  |line 96, col 32 to line 96, col 57 of module BoneReconstructionPlanner: 2
@!@!@ENDMSG 2221 @!@!@
@!@!@STARTMSG 2221:0 @!@!@
  line 97, col 32 to line 97, col 68 of module BoneReconstructionPlanner: 1
@!@!@ENDMSG 2221 @!@!@
@!@!@STARTMSG 2221:0 @!@!@
  line 98, col 32 to line 98, col 66 of module BoneReconstructionPlanner: 1
@!@!@ENDMSG 2221 @!@!@
@!@!@STARTMSG 2221:0 @!@!@
  line 99, col 32 to line 99, col 67 of module BoneReconstructionPlanner: 1
@!@!@ENDMSG 2221 @!@!@
@!@!@STARTMSG 2221:0 @!@!@
  line 100, col 32 to line 100, col 69 of module BoneReconstructionPlanner: 1
@!@!@ENDMSG 2221 @!@!@
@!@!@STARTMSG 2221:0 @!@!@
  line 101, col 32 to line 101, col 61 of module BoneReconstructionPlanner: 1
@!@!@ENDMSG 2221 @!@!@
@!@!@STARTMSG 2221:0 @!@!@
  line 102, col 32 to line 102, col 66 of module BoneReconstructionPlanner: 1
@!@!@ENDMSG 2221 @!@!@
@!@!@STARTMSG 2221:0 @!@!@
  line 103, col 32 to line 103, col 59 of module BoneReconstructionPlanner: 1
@!@!@ENDMSG 2221 @!@!@
@!@!@STARTMSG 2221:0 @!@!@
  line 104, col 32 to line 104, col 60 of module BoneReconstructionPlanner: 1
@!@!@ENDMSG 2221 @!@!@
@!@!@STARTMSG 2202:0 @!@!@
End of statistics.
@!@!@ENDMSG 2202 @!@!@
@!@!@STARTMSG 2200:0 @!@!@
Progress(6) at 2022-06-15 18:46:24: 7 states generated (398 s/min), 6 distinct states found (341 ds/min), 0 states left on queue.
@!@!@ENDMSG 2200 @!@!@
@!@!@STARTMSG 2199:0 @!@!@
7 states generated, 6 distinct states found, 0 states left on queue.
@!@!@ENDMSG 2199 @!@!@
@!@!@STARTMSG 2194:0 @!@!@
The depth of the complete state graph search is 6.
@!@!@ENDMSG 2194 @!@!@
@!@!@STARTMSG 2268:0 @!@!@
The average outdegree of the complete state graph is 1 (minimum is 1, the maximum 1 and the 95th percentile is 1).
@!@!@ENDMSG 2268 @!@!@
@!@!@STARTMSG 2186:0 @!@!@
Finished in 1065ms at (2022-06-15 18:46:24)
@!@!@ENDMSG 2186 @!@!@
